<?xml version="1.0" encoding="UTF-8"?>
<!-- Generated by org.testng.reporters.JUnitXMLReporter -->
<testsuite hostname="LAPTOP-A5BD6I85" ignored="0" name="Test" tests="3" failures="1" timestamp="20 Dec 2020 18:20:39 GMT" time="13.953" errors="0">
  <testcase name="feature" time="0.784" classname="qaclickacademy.Runner.TestRunner">
    <failure type="cucumber.runtime.CucumberException" message="cucumber.runtime.CucumberException: There are undefined steps">
      <![CDATA[cucumber.runtime.CucumberException: cucumber.runtime.CucumberException: There are undefined steps
at cucumber.api.testng.TestNGCucumberRunner.runCucumber(TestNGCucumberRunner.java:69)
at qaclickacademy.Runner.TestRunner.feature(TestRunner.java:59)
Caused by: cucumber.runtime.CucumberException: There are undefined steps
at cucumber.api.testng.FeatureResultListener.collectError(FeatureResultListener.java:60)
at cucumber.api.testng.FeatureResultListener.result(FeatureResultListener.java:45)
at cucumber.runtime.Runtime.runStep(Runtime.java:282)
at cucumber.runtime.model.StepContainer.runStep(StepContainer.java:44)
at cucumber.runtime.model.StepContainer.runSteps(StepContainer.java:39)
at cucumber.runtime.model.CucumberScenario.run(CucumberScenario.java:44)
at cucumber.runtime.model.CucumberFeature.run(CucumberFeature.java:165)
at cucumber.api.testng.TestNGCucumberRunner.runCucumber(TestNGCucumberRunner.java:63)
... 26 more
... Removed 25 stack frames]]>
    </failure>
  </testcase> <!-- feature -->
  <testcase name="BrowserAUtomation" time="11.153" classname="qaclickacademy.StepDefinition.StepDefinition"/>
  <testcase name="elementsUi" time="0.002" classname="qaclickacademy.StepDefinition.StepDefinition"/>
</testsuite> <!-- Test -->
